<?xml version="1.0" encoding="UTF-8" standalone="yes"?>
<testsuites name="CreateEmpParameterized" time="9" tests="3" failures="0" errors="0">
    <testsuite name="CreateEmpParameterized" tests="3" failures="0" errors="0" time="9" timestamp="2019-09-20 03:20:18" hostname="admin - 172.30.9.132" id="Test Suites/CreateEmpParameterized">
        <properties>
            <property name="deviceName" value=""/>
            <property name="devicePlatform" value=""/>
            <property name="logFolder" value="C:\\Users\\admin\\Katalon Studio\\APITest\\Reports\\20190920_032004\\CreateEmpParameterized\\20190920_032004"/>
            <property name="logFiles" value="C:\\Users\\admin\\Katalon Studio\\APITest\\Reports\\20190920_032004\\CreateEmpParameterized\\20190920_032004\\execution0.log"/>
            <property name="attachments" value=""/>
            <property name="hostName" value="admin - 172.30.9.132"/>
            <property name="hostAddress" value="172.30.9.132"/>
            <property name="os" value="Windows 10 64bit"/>
            <property name="katalonVersion" value="6.3.3.11"/>
        </properties>
        <testcase name="Test Cases/DummyEmp/CreateEmpGetEmp - Parameterized" classname="Test Cases/DummyEmp/CreateEmpGetEmp - Parameterized" status="PASSED">
            <system-out>2019-09-20 03:20:18 - [TEST_CASE][PASSED] - Test Cases/DummyEmp/CreateEmpGetEmp - Parameterized: Test Cases/DummyEmp/CreateEmpGetEmp - Parameterized&#xD;
&#xD;
2019-09-20 03:20:19 - [TEST_STEP][PASSED] - date = new java.util.Date(): null&#xD;
&#xD;
2019-09-20 03:20:19 - [TEST_STEP][PASSED] - datevalue = date.toString(): null&#xD;
&#xD;
2019-09-20 03:20:19 - [TEST_STEP][PASSED] - datevalue = datevalue.replace(" ", ""): null&#xD;
&#xD;
2019-09-20 03:20:19 - [TEST_STEP][PASSED] - datevalue = datevalue.replace(":", ""): null&#xD;
&#xD;
2019-09-20 03:20:19 - [TEST_STEP][PASSED] - println(datevalue): null&#xD;
&#xD;
2019-09-20 03:20:19 - [TEST_STEP][PASSED] - EmpName = datevalue: null&#xD;
&#xD;
2019-09-20 03:20:19 - [TEST_STEP][PASSED] - println(EmpName): null&#xD;
&#xD;
2019-09-20 03:20:19 - [TEST_STEP][PASSED] - response = sendRequestAndVerify(findTestObject("DummyEmployee/Obj_CreateEmpGetEmp - Paremeterized", ["EmpName":datevalue, "salary":salary, "age":age])): Send request and verify the response successfully&#xD;
&#xD;
2019-09-20 03:20:21 - [MESSAGE][INFO] - HAR: C:\Users\admin\Katalon Studio\APITest\Reports\20190920_032004\CreateEmpParameterized\20190920_032004\requests\main\0.har&#xD;
&#xD;
2019-09-20 03:20:21 - [TEST_CASE][PASSED] - Start Test Case : Verification: Verification accomplished successfully&#xD;
&#xD;
2019-09-20 03:20:22 - [TEST_STEP][PASSED] - request = getInstance().getCurrentRequest(): null&#xD;
&#xD;
2019-09-20 03:20:22 - [TEST_STEP][PASSED] - response = getInstance().getCurrentResponse(): null&#xD;
&#xD;
2019-09-20 03:20:22 - [TEST_STEP][PASSED] - Assertions.assertThat(responseBodyContent.contains(EmpName)): null&#xD;
&#xD;
2019-09-20 03:20:22 - [MESSAGE][PASSED] - Verify response successfully&#xD;
&#xD;
2019-09-20 03:20:22 - [MESSAGE][PASSED] - Send request and verify the response successfully&#xD;
&#xD;
2019-09-20 03:20:22 - [TEST_STEP][PASSED] - println(response.getResponseBodyContent()): null&#xD;
&#xD;
2019-09-20 03:20:22 - [TEST_STEP][PASSED] - responseText = response.getResponseBodyContent(): null&#xD;
&#xD;
2019-09-20 03:20:22 - [TEST_STEP][PASSED] - verifyElementPropertyValue(response, "name", EmpName): Verify element property value successfully&#xD;
&#xD;
2019-09-20 03:20:22 - [MESSAGE][PASSED] - Verify element property value successfully&#xD;
&#xD;
2019-09-20 03:20:22 - [TEST_STEP][PASSED] - verifyResponseStatusCode(response, 200): Verify response status code successfully&#xD;
&#xD;
2019-09-20 03:20:22 - [MESSAGE][PASSED] - Verify response status code successfully&#xD;
&#xD;
2019-09-20 03:20:22 - [TEST_STEP][PASSED] - println(response.getResponseBodyContent()): null&#xD;
&#xD;
2019-09-20 03:20:22 - [TEST_STEP][PASSED] - slurper = new groovy.json.JsonSlurper(): null&#xD;
&#xD;
2019-09-20 03:20:22 - [TEST_STEP][PASSED] - parsedJson = slurper.parseText(responseText): null&#xD;
&#xD;
2019-09-20 03:20:22 - [TEST_STEP][PASSED] - idValue = id: null&#xD;
&#xD;
2019-09-20 03:20:22 - [TEST_STEP][PASSED] - id = parsedJson.get("id"): null&#xD;
&#xD;
2019-09-20 03:20:22 - [TEST_STEP][PASSED] - println(id): null&#xD;
&#xD;
2019-09-20 03:20:22 - [TEST_STEP][PASSED] - EmpId = id: null&#xD;
&#xD;
2019-09-20 03:20:22 - [TEST_STEP][PASSED] - println(EmpId): null&#xD;
&#xD;
2019-09-20 03:20:22 - [TEST_STEP][PASSED] - response = sendRequest(findTestObject("DummyEmployee/Obj_GetEmp")): Send request successfully&#xD;
&#xD;
2019-09-20 03:20:23 - [MESSAGE][INFO] - HAR: C:\Users\admin\Katalon Studio\APITest\Reports\20190920_032004\CreateEmpParameterized\20190920_032004\requests\main\1.har&#xD;
&#xD;
2019-09-20 03:20:23 - [MESSAGE][PASSED] - Send request successfully&#xD;
&#xD;
2019-09-20 03:20:23 - [TEST_STEP][PASSED] - println(response.getResponseBodyContent()): null&#xD;
&#xD;
2019-09-20 03:20:23 - [TEST_STEP][PASSED] - verifyResponseStatusCode(response, 200): Verify response status code successfully&#xD;
&#xD;
2019-09-20 03:20:23 - [MESSAGE][PASSED] - Verify response status code successfully</system-out>
            <system-err></system-err>
        </testcase>
        <testcase name="Test Cases/DummyEmp/CreateEmpGetEmp - Parameterized" classname="Test Cases/DummyEmp/CreateEmpGetEmp - Parameterized" status="PASSED">
            <system-out>2019-09-20 03:20:23 - [TEST_CASE][PASSED] - Test Cases/DummyEmp/CreateEmpGetEmp - Parameterized: Test Cases/DummyEmp/CreateEmpGetEmp - Parameterized&#xD;
&#xD;
2019-09-20 03:20:23 - [TEST_STEP][PASSED] - date = new java.util.Date(): null&#xD;
&#xD;
2019-09-20 03:20:23 - [TEST_STEP][PASSED] - datevalue = date.toString(): null&#xD;
&#xD;
2019-09-20 03:20:23 - [TEST_STEP][PASSED] - datevalue = datevalue.replace(" ", ""): null&#xD;
&#xD;
2019-09-20 03:20:23 - [TEST_STEP][PASSED] - datevalue = datevalue.replace(":", ""): null&#xD;
&#xD;
2019-09-20 03:20:23 - [TEST_STEP][PASSED] - println(datevalue): null&#xD;
&#xD;
2019-09-20 03:20:23 - [TEST_STEP][PASSED] - EmpName = datevalue: null&#xD;
&#xD;
2019-09-20 03:20:23 - [TEST_STEP][PASSED] - println(EmpName): null&#xD;
&#xD;
2019-09-20 03:20:23 - [TEST_STEP][PASSED] - response = sendRequestAndVerify(findTestObject("DummyEmployee/Obj_CreateEmpGetEmp - Paremeterized", ["EmpName":datevalue, "salary":salary, "age":age])): Send request and verify the response successfully&#xD;
&#xD;
2019-09-20 03:20:24 - [MESSAGE][INFO] - HAR: C:\Users\admin\Katalon Studio\APITest\Reports\20190920_032004\CreateEmpParameterized\20190920_032004\requests\main\2.har&#xD;
&#xD;
2019-09-20 03:20:24 - [TEST_CASE][PASSED] - Start Test Case : Verification: Verification accomplished successfully&#xD;
&#xD;
2019-09-20 03:20:24 - [TEST_STEP][PASSED] - request = getInstance().getCurrentRequest(): null&#xD;
&#xD;
2019-09-20 03:20:24 - [TEST_STEP][PASSED] - response = getInstance().getCurrentResponse(): null&#xD;
&#xD;
2019-09-20 03:20:24 - [TEST_STEP][PASSED] - Assertions.assertThat(responseBodyContent.contains(EmpName)): null&#xD;
&#xD;
2019-09-20 03:20:24 - [MESSAGE][PASSED] - Verify response successfully&#xD;
&#xD;
2019-09-20 03:20:24 - [MESSAGE][PASSED] - Send request and verify the response successfully&#xD;
&#xD;
2019-09-20 03:20:24 - [TEST_STEP][PASSED] - println(response.getResponseBodyContent()): null&#xD;
&#xD;
2019-09-20 03:20:24 - [TEST_STEP][PASSED] - responseText = response.getResponseBodyContent(): null&#xD;
&#xD;
2019-09-20 03:20:24 - [TEST_STEP][PASSED] - verifyElementPropertyValue(response, "name", EmpName): Verify element property value successfully&#xD;
&#xD;
2019-09-20 03:20:24 - [MESSAGE][PASSED] - Verify element property value successfully&#xD;
&#xD;
2019-09-20 03:20:24 - [TEST_STEP][PASSED] - verifyResponseStatusCode(response, 200): Verify response status code successfully&#xD;
&#xD;
2019-09-20 03:20:24 - [MESSAGE][PASSED] - Verify response status code successfully&#xD;
&#xD;
2019-09-20 03:20:24 - [TEST_STEP][PASSED] - println(response.getResponseBodyContent()): null&#xD;
&#xD;
2019-09-20 03:20:24 - [TEST_STEP][PASSED] - slurper = new groovy.json.JsonSlurper(): null&#xD;
&#xD;
2019-09-20 03:20:24 - [TEST_STEP][PASSED] - parsedJson = slurper.parseText(responseText): null&#xD;
&#xD;
2019-09-20 03:20:24 - [TEST_STEP][PASSED] - idValue = id: null&#xD;
&#xD;
2019-09-20 03:20:24 - [TEST_STEP][PASSED] - id = parsedJson.get("id"): null&#xD;
&#xD;
2019-09-20 03:20:24 - [TEST_STEP][PASSED] - println(id): null&#xD;
&#xD;
2019-09-20 03:20:24 - [TEST_STEP][PASSED] - EmpId = id: null&#xD;
&#xD;
2019-09-20 03:20:24 - [TEST_STEP][PASSED] - println(EmpId): null&#xD;
&#xD;
2019-09-20 03:20:24 - [TEST_STEP][PASSED] - response = sendRequest(findTestObject("DummyEmployee/Obj_GetEmp")): Send request successfully&#xD;
&#xD;
2019-09-20 03:20:25 - [MESSAGE][INFO] - HAR: C:\Users\admin\Katalon Studio\APITest\Reports\20190920_032004\CreateEmpParameterized\20190920_032004\requests\main\3.har&#xD;
&#xD;
2019-09-20 03:20:25 - [MESSAGE][PASSED] - Send request successfully&#xD;
&#xD;
2019-09-20 03:20:25 - [TEST_STEP][PASSED] - println(response.getResponseBodyContent()): null&#xD;
&#xD;
2019-09-20 03:20:25 - [TEST_STEP][PASSED] - verifyResponseStatusCode(response, 200): Verify response status code successfully&#xD;
&#xD;
2019-09-20 03:20:25 - [MESSAGE][PASSED] - Verify response status code successfully</system-out>
            <system-err></system-err>
        </testcase>
        <testcase name="Test Cases/DummyEmp/CreateEmpGetEmp - Parameterized" classname="Test Cases/DummyEmp/CreateEmpGetEmp - Parameterized" status="PASSED">
            <system-out>2019-09-20 03:20:25 - [TEST_CASE][PASSED] - Test Cases/DummyEmp/CreateEmpGetEmp - Parameterized: Test Cases/DummyEmp/CreateEmpGetEmp - Parameterized&#xD;
&#xD;
2019-09-20 03:20:25 - [TEST_STEP][PASSED] - date = new java.util.Date(): null&#xD;
&#xD;
2019-09-20 03:20:25 - [TEST_STEP][PASSED] - datevalue = date.toString(): null&#xD;
&#xD;
2019-09-20 03:20:25 - [TEST_STEP][PASSED] - datevalue = datevalue.replace(" ", ""): null&#xD;
&#xD;
2019-09-20 03:20:25 - [TEST_STEP][PASSED] - datevalue = datevalue.replace(":", ""): null&#xD;
&#xD;
2019-09-20 03:20:25 - [TEST_STEP][PASSED] - println(datevalue): null&#xD;
&#xD;
2019-09-20 03:20:25 - [TEST_STEP][PASSED] - EmpName = datevalue: null&#xD;
&#xD;
2019-09-20 03:20:25 - [TEST_STEP][PASSED] - println(EmpName): null&#xD;
&#xD;
2019-09-20 03:20:25 - [TEST_STEP][PASSED] - response = sendRequestAndVerify(findTestObject("DummyEmployee/Obj_CreateEmpGetEmp - Paremeterized", ["EmpName":datevalue, "salary":salary, "age":age])): Send request and verify the response successfully&#xD;
&#xD;
2019-09-20 03:20:26 - [MESSAGE][INFO] - HAR: C:\Users\admin\Katalon Studio\APITest\Reports\20190920_032004\CreateEmpParameterized\20190920_032004\requests\main\4.har&#xD;
&#xD;
2019-09-20 03:20:26 - [TEST_CASE][PASSED] - Start Test Case : Verification: Verification accomplished successfully&#xD;
&#xD;
2019-09-20 03:20:26 - [TEST_STEP][PASSED] - request = getInstance().getCurrentRequest(): null&#xD;
&#xD;
2019-09-20 03:20:26 - [TEST_STEP][PASSED] - response = getInstance().getCurrentResponse(): null&#xD;
&#xD;
2019-09-20 03:20:26 - [TEST_STEP][PASSED] - Assertions.assertThat(responseBodyContent.contains(EmpName)): null&#xD;
&#xD;
2019-09-20 03:20:26 - [MESSAGE][PASSED] - Verify response successfully&#xD;
&#xD;
2019-09-20 03:20:26 - [MESSAGE][PASSED] - Send request and verify the response successfully&#xD;
&#xD;
2019-09-20 03:20:26 - [TEST_STEP][PASSED] - println(response.getResponseBodyContent()): null&#xD;
&#xD;
2019-09-20 03:20:26 - [TEST_STEP][PASSED] - responseText = response.getResponseBodyContent(): null&#xD;
&#xD;
2019-09-20 03:20:26 - [TEST_STEP][PASSED] - verifyElementPropertyValue(response, "name", EmpName): Verify element property value successfully&#xD;
&#xD;
2019-09-20 03:20:26 - [MESSAGE][PASSED] - Verify element property value successfully&#xD;
&#xD;
2019-09-20 03:20:26 - [TEST_STEP][PASSED] - verifyResponseStatusCode(response, 200): Verify response status code successfully&#xD;
&#xD;
2019-09-20 03:20:26 - [MESSAGE][PASSED] - Verify response status code successfully&#xD;
&#xD;
2019-09-20 03:20:26 - [TEST_STEP][PASSED] - println(response.getResponseBodyContent()): null&#xD;
&#xD;
2019-09-20 03:20:26 - [TEST_STEP][PASSED] - slurper = new groovy.json.JsonSlurper(): null&#xD;
&#xD;
2019-09-20 03:20:26 - [TEST_STEP][PASSED] - parsedJson = slurper.parseText(responseText): null&#xD;
&#xD;
2019-09-20 03:20:26 - [TEST_STEP][PASSED] - idValue = id: null&#xD;
&#xD;
2019-09-20 03:20:26 - [TEST_STEP][PASSED] - id = parsedJson.get("id"): null&#xD;
&#xD;
2019-09-20 03:20:26 - [TEST_STEP][PASSED] - println(id): null&#xD;
&#xD;
2019-09-20 03:20:26 - [TEST_STEP][PASSED] - EmpId = id: null&#xD;
&#xD;
2019-09-20 03:20:26 - [TEST_STEP][PASSED] - println(EmpId): null&#xD;
&#xD;
2019-09-20 03:20:26 - [TEST_STEP][PASSED] - response = sendRequest(findTestObject("DummyEmployee/Obj_GetEmp")): Send request successfully&#xD;
&#xD;
2019-09-20 03:20:28 - [MESSAGE][INFO] - HAR: C:\Users\admin\Katalon Studio\APITest\Reports\20190920_032004\CreateEmpParameterized\20190920_032004\requests\main\5.har&#xD;
&#xD;
2019-09-20 03:20:28 - [MESSAGE][PASSED] - Send request successfully&#xD;
&#xD;
2019-09-20 03:20:28 - [TEST_STEP][PASSED] - println(response.getResponseBodyContent()): null&#xD;
&#xD;
2019-09-20 03:20:28 - [TEST_STEP][PASSED] - verifyResponseStatusCode(response, 200): Verify response status code successfully&#xD;
&#xD;
2019-09-20 03:20:28 - [MESSAGE][PASSED] - Verify response status code successfully</system-out>
            <system-err></system-err>
        </testcase>
        <system-out>2019-09-20 03:20:18 - [TEST_SUITE][INCOMPLETE] - CreateEmpParameterized: null</system-out>
        <system-err>2019-09-20 03:20:18 - [TEST_SUITE][INCOMPLETE] - CreateEmpParameterized: null</system-err>
    </testsuite>
</testsuites>
